<?xml version="1.0" encoding="UTF-8"?>
<testsuite name="TestOrderCard" tests="1" skipped="0" failures="0" errors="0" timestamp="2024-02-26T19:41:18" hostname="MacBook-Air-Ermolina.local" time="13.735">
  <properties/>
  <testcase name="positiveTest()" classname="TestOrderCard" time="13.735"/>
  <system-out><![CDATA[]]></system-out>
  <system-err><![CDATA[SLF4J(W): No SLF4J providers were found.
SLF4J(W): Defaulting to no-operation (NOP) logger implementation
SLF4J(W): See https://www.slf4j.org/codes.html#noProviders for further details.
февр. 26, 2024 10:41:25 PM org.openqa.selenium.devtools.CdpVersionFinder findNearestMatch
WARNING: Unable to find CDP implementation matching 122
февр. 26, 2024 10:41:25 PM org.openqa.selenium.chromium.ChromiumDriver lambda$new$5
WARNING: Unable to find version of CDP to use for 122.0.6261.69. You may need to include a dependency on a specific version of the CDP using something similar to `org.seleniumhq.selenium:selenium-devtools-v86:4.11.0` where the version ("v86") matches the version of the chromium-based browser you're using and the version number of the artifact is the same as Selenium's.
]]></system-err>
</testsuite>
